<?xml version="1.0" encoding="UTF-8"?>
<!-- Generated by org.testng.reporters.JUnitReportReporter -->
<testsuite hostname="PTWB-IT-CPU-588" failures="0" tests="5" name="POM.SimpleLogin.LoginTest" time="29.908" errors="0" timestamp="2024-07-11T19:35:17 IST" skipped="0">
  <testcase classname="POM.SimpleLogin.LoginTest" name="testInvalidUsername" time="5.126"/>
  <testcase classname="POM.SimpleLogin.LoginTest" name="testInvalidPassword" time="5.665"/>
  <testcase classname="POM.SimpleLogin.LoginTest" name="verifytitleTest" time="4.212"/>
  <testcase classname="POM.SimpleLogin.LoginTest" name="testlogin" time="9.170"/>
  <testcase classname="POM.SimpleLogin.LoginTest" name="testEmptyfields" time="5.735"/>
</testsuite> <!-- POM.SimpleLogin.LoginTest -->
